0 info it worked if it ends with ok
1 verbose cli [ '/opt/homebrew-cask/Caskroom/atom/latest/Atom.app/Contents/Resources/app/apm/bin/node',
1 verbose cli   '/opt/homebrew-cask/Caskroom/atom/latest/Atom.app/Contents/Resources/app/apm/node_modules/npm/bin/npm-cli.js',
1 verbose cli   '--globalconfig',
1 verbose cli   '/Users/hugomarcelino/dotfiles/apps/atom/.apm/.apmrc',
1 verbose cli   '--userconfig',
1 verbose cli   '/Users/hugomarcelino/dotfiles/apps/atom/.apmrc',
1 verbose cli   'rebuild',
1 verbose cli   '--target=0.34.0',
1 verbose cli   '--arch=x64' ]
2 info using npm@2.13.3
3 info using node@v0.10.40
4 info readInstalled object
5 verbose rebuild path, id [ '/Users/hugomarcelino/dotfiles/apps/atom/packages/run-command',
5 verbose rebuild   'run-command@0.3.1' ]
6 verbose rebuild path, id [ '/Users/hugomarcelino/dotfiles/apps/atom/packages/run-command/node_modules/atom-space-pen-views',
6 verbose rebuild   'atom-space-pen-views@2.1.0' ]
7 verbose rebuild path, id [ '/Users/hugomarcelino/dotfiles/apps/atom/packages/run-command/node_modules/atom-space-pen-views/node_modules/fuzzaldrin',
7 verbose rebuild   'fuzzaldrin@2.1.0' ]
8 verbose rebuild path, id [ '/Users/hugomarcelino/dotfiles/apps/atom/packages/run-command/node_modules/atom-space-pen-views/node_modules/space-pen',
8 verbose rebuild   'space-pen@5.1.1' ]
9 verbose rebuild path, id [ '/Users/hugomarcelino/dotfiles/apps/atom/packages/run-command/node_modules/atom-space-pen-views/node_modules/space-pen/node_modules/grim',
9 verbose rebuild   'grim@1.4.1' ]
10 verbose rebuild path, id [ '/Users/hugomarcelino/dotfiles/apps/atom/packages/run-command/node_modules/atom-space-pen-views/node_modules/space-pen/node_modules/grim/node_modules/coffeestack',
10 verbose rebuild   'coffeestack@1.1.2' ]
11 verbose rebuild path, id [ '/Users/hugomarcelino/dotfiles/apps/atom/packages/run-command/node_modules/atom-space-pen-views/node_modules/space-pen/node_modules/grim/node_modules/coffeestack/node_modules/coffee-script',
11 verbose rebuild   'coffee-script@1.8.0' ]
12 verbose rebuild path, id [ '/Users/hugomarcelino/dotfiles/apps/atom/packages/run-command/node_modules/atom-space-pen-views/node_modules/space-pen/node_modules/grim/node_modules/coffeestack/node_modules/coffee-script/node_modules/mkdirp',
12 verbose rebuild   'mkdirp@0.3.5' ]
13 verbose rebuild path, id [ '/Users/hugomarcelino/dotfiles/apps/atom/packages/run-command/node_modules/atom-space-pen-views/node_modules/space-pen/node_modules/grim/node_modules/coffeestack/node_modules/fs-plus',
13 verbose rebuild   'fs-plus@2.8.1' ]
14 verbose rebuild path, id [ '/Users/hugomarcelino/dotfiles/apps/atom/packages/run-command/node_modules/atom-space-pen-views/node_modules/space-pen/node_modules/underscore-plus',
14 verbose rebuild   'underscore-plus@1.6.6' ]
15 verbose rebuild path, id [ '/Users/hugomarcelino/dotfiles/apps/atom/packages/run-command/node_modules/atom-space-pen-views/node_modules/space-pen/node_modules/underscore-plus/node_modules/underscore',
15 verbose rebuild   'underscore@1.6.0' ]
16 verbose rebuild path, id [ '/Users/hugomarcelino/dotfiles/apps/atom/packages/run-command/node_modules/atom-space-pen-views/node_modules/space-pen/node_modules/grim/node_modules/coffeestack/node_modules/fs-plus/node_modules/mkdirp',
16 verbose rebuild   'mkdirp@0.3.5' ]
17 verbose rebuild path, id [ '/Users/hugomarcelino/dotfiles/apps/atom/packages/run-command/node_modules/atom-space-pen-views/node_modules/space-pen/node_modules/grim/node_modules/coffeestack/node_modules/fs-plus/node_modules/rimraf',
17 verbose rebuild   'rimraf@2.2.8' ]
18 verbose rebuild path, id [ '/Users/hugomarcelino/dotfiles/apps/atom/packages/run-command/node_modules/atom-space-pen-views/node_modules/space-pen/node_modules/grim/node_modules/coffeestack/node_modules/fs-plus/node_modules/async',
18 verbose rebuild   'async@0.2.10' ]
19 verbose rebuild path, id [ '/Users/hugomarcelino/dotfiles/apps/atom/packages/run-command/node_modules/atom-space-pen-views/node_modules/space-pen/node_modules/grim/node_modules/coffeestack/node_modules/source-map',
19 verbose rebuild   'source-map@0.1.43' ]
20 verbose rebuild path, id [ '/Users/hugomarcelino/dotfiles/apps/atom/packages/run-command/node_modules/atom-space-pen-views/node_modules/space-pen/node_modules/grim/node_modules/coffeestack/node_modules/source-map/node_modules/amdefine',
20 verbose rebuild   'amdefine@1.0.0' ]
21 verbose rebuild path, id [ '/Users/hugomarcelino/dotfiles/apps/atom/packages/run-command/node_modules/atom-space-pen-views/node_modules/space-pen/node_modules/grim/node_modules/emissary',
21 verbose rebuild   'emissary@1.3.3' ]
22 verbose rebuild path, id [ '/Users/hugomarcelino/dotfiles/apps/atom/packages/run-command/node_modules/atom-space-pen-views/node_modules/space-pen/node_modules/grim/node_modules/emissary/node_modules/mixto',
22 verbose rebuild   'mixto@1.0.0' ]
23 verbose rebuild path, id [ '/Users/hugomarcelino/dotfiles/apps/atom/packages/run-command/node_modules/atom-space-pen-views/node_modules/space-pen/node_modules/grim/node_modules/emissary/node_modules/property-accessors',
23 verbose rebuild   'property-accessors@1.1.3' ]
24 verbose rebuild path, id [ '/Users/hugomarcelino/dotfiles/apps/atom/packages/run-command/node_modules/atom-space-pen-views/node_modules/space-pen/node_modules/grim/node_modules/emissary/node_modules/es6-weak-map',
24 verbose rebuild   'es6-weak-map@0.1.4' ]
25 verbose rebuild path, id [ '/Users/hugomarcelino/dotfiles/apps/atom/packages/run-command/node_modules/atom-space-pen-views/node_modules/space-pen/node_modules/grim/node_modules/emissary/node_modules/es6-weak-map/node_modules/d',
25 verbose rebuild   'd@0.1.1' ]
26 verbose rebuild path, id [ '/Users/hugomarcelino/dotfiles/apps/atom/packages/run-command/node_modules/atom-space-pen-views/node_modules/space-pen/node_modules/grim/node_modules/emissary/node_modules/es6-weak-map/node_modules/es5-ext',
26 verbose rebuild   'es5-ext@0.10.7' ]
27 verbose rebuild path, id [ '/Users/hugomarcelino/dotfiles/apps/atom/packages/run-command/node_modules/atom-space-pen-views/node_modules/space-pen/node_modules/grim/node_modules/emissary/node_modules/es6-weak-map/node_modules/es6-iterator',
27 verbose rebuild   'es6-iterator@0.1.3' ]
28 verbose rebuild path, id [ '/Users/hugomarcelino/dotfiles/apps/atom/packages/run-command/node_modules/atom-space-pen-views/node_modules/space-pen/node_modules/grim/node_modules/emissary/node_modules/es6-weak-map/node_modules/es6-symbol',
28 verbose rebuild   'es6-symbol@2.0.1' ]
29 verbose rebuild path, id [ '/Users/hugomarcelino/dotfiles/apps/atom/packages/run-command/node_modules/atom-space-pen-views/node_modules/space-pen/node_modules/jquery',
29 verbose rebuild   'jquery@2.1.4' ]
30 verbose rebuild path, id [ '/Users/hugomarcelino/dotfiles/apps/atom/packages/run-command/node_modules/pty.js',
30 verbose rebuild   'pty.js@0.2.13' ]
31 verbose rebuild path, id [ '/Users/hugomarcelino/dotfiles/apps/atom/packages/run-command/node_modules/pty.js/node_modules/extend',
31 verbose rebuild   'extend@1.2.1' ]
32 verbose rebuild path, id [ '/Users/hugomarcelino/dotfiles/apps/atom/packages/run-command/node_modules/pty.js/node_modules/nan',
32 verbose rebuild   'nan@1.9.0' ]
33 silly rebuild set [ '/Users/hugomarcelino/dotfiles/apps/atom/packages/run-command/node_modules/atom-space-pen-views',
33 silly rebuild set   '/Users/hugomarcelino/dotfiles/apps/atom/packages/run-command/node_modules/atom-space-pen-views/node_modules/fuzzaldrin',
33 silly rebuild set   '/Users/hugomarcelino/dotfiles/apps/atom/packages/run-command/node_modules/atom-space-pen-views/node_modules/space-pen',
33 silly rebuild set   '/Users/hugomarcelino/dotfiles/apps/atom/packages/run-command/node_modules/atom-space-pen-views/node_modules/space-pen/node_modules/grim',
33 silly rebuild set   '/Users/hugomarcelino/dotfiles/apps/atom/packages/run-command/node_modules/atom-space-pen-views/node_modules/space-pen/node_modules/grim/node_modules/coffeestack',
33 silly rebuild set   '/Users/hugomarcelino/dotfiles/apps/atom/packages/run-command/node_modules/atom-space-pen-views/node_modules/space-pen/node_modules/grim/node_modules/coffeestack/node_modules/coffee-script',
33 silly rebuild set   '/Users/hugomarcelino/dotfiles/apps/atom/packages/run-command/node_modules/atom-space-pen-views/node_modules/space-pen/node_modules/grim/node_modules/coffeestack/node_modules/coffee-script/node_modules/mkdirp',
33 silly rebuild set   '/Users/hugomarcelino/dotfiles/apps/atom/packages/run-command/node_modules/atom-space-pen-views/node_modules/space-pen/node_modules/grim/node_modules/coffeestack/node_modules/fs-plus',
33 silly rebuild set   '/Users/hugomarcelino/dotfiles/apps/atom/packages/run-command/node_modules/atom-space-pen-views/node_modules/space-pen/node_modules/underscore-plus',
33 silly rebuild set   '/Users/hugomarcelino/dotfiles/apps/atom/packages/run-command/node_modules/atom-space-pen-views/node_modules/space-pen/node_modules/underscore-plus/node_modules/underscore',
33 silly rebuild set   '/Users/hugomarcelino/dotfiles/apps/atom/packages/run-command/node_modules/atom-space-pen-views/node_modules/space-pen/node_modules/grim/node_modules/coffeestack/node_modules/fs-plus/node_modules/mkdirp',
33 silly rebuild set   '/Users/hugomarcelino/dotfiles/apps/atom/packages/run-command/node_modules/atom-space-pen-views/node_modules/space-pen/node_modules/grim/node_modules/coffeestack/node_modules/fs-plus/node_modules/rimraf',
33 silly rebuild set   '/Users/hugomarcelino/dotfiles/apps/atom/packages/run-command/node_modules/atom-space-pen-views/node_modules/space-pen/node_modules/grim/node_modules/coffeestack/node_modules/fs-plus/node_modules/async',
33 silly rebuild set   '/Users/hugomarcelino/dotfiles/apps/atom/packages/run-command/node_modules/atom-space-pen-views/node_modules/space-pen/node_modules/grim/node_modules/coffeestack/node_modules/source-map',
33 silly rebuild set   '/Users/hugomarcelino/dotfiles/apps/atom/packages/run-command/node_modules/atom-space-pen-views/node_modules/space-pen/node_modules/grim/node_modules/coffeestack/node_modules/source-map/node_modules/amdefine',
33 silly rebuild set   '/Users/hugomarcelino/dotfiles/apps/atom/packages/run-command/node_modules/atom-space-pen-views/node_modules/space-pen/node_modules/grim/node_modules/emissary',
33 silly rebuild set   '/Users/hugomarcelino/dotfiles/apps/atom/packages/run-command/node_modules/atom-space-pen-views/node_modules/space-pen/node_modules/grim/node_modules/emissary/node_modules/mixto',
33 silly rebuild set   '/Users/hugomarcelino/dotfiles/apps/atom/packages/run-command/node_modules/atom-space-pen-views/node_modules/space-pen/node_modules/grim/node_modules/emissary/node_modules/property-accessors',
33 silly rebuild set   '/Users/hugomarcelino/dotfiles/apps/atom/packages/run-command/node_modules/atom-space-pen-views/node_modules/space-pen/node_modules/grim/node_modules/emissary/node_modules/es6-weak-map',
33 silly rebuild set   '/Users/hugomarcelino/dotfiles/apps/atom/packages/run-command/node_modules/atom-space-pen-views/node_modules/space-pen/node_modules/grim/node_modules/emissary/node_modules/es6-weak-map/node_modules/d',
33 silly rebuild set   '/Users/hugomarcelino/dotfiles/apps/atom/packages/run-command/node_modules/atom-space-pen-views/node_modules/space-pen/node_modules/grim/node_modules/emissary/node_modules/es6-weak-map/node_modules/es5-ext',
33 silly rebuild set   '/Users/hugomarcelino/dotfiles/apps/atom/packages/run-command/node_modules/atom-space-pen-views/node_modules/space-pen/node_modules/grim/node_modules/emissary/node_modules/es6-weak-map/node_modules/es6-iterator',
33 silly rebuild set   '/Users/hugomarcelino/dotfiles/apps/atom/packages/run-command/node_modules/atom-space-pen-views/node_modules/space-pen/node_modules/grim/node_modules/emissary/node_modules/es6-weak-map/node_modules/es6-symbol',
33 silly rebuild set   '/Users/hugomarcelino/dotfiles/apps/atom/packages/run-command/node_modules/atom-space-pen-views/node_modules/space-pen/node_modules/jquery',
33 silly rebuild set   '/Users/hugomarcelino/dotfiles/apps/atom/packages/run-command/node_modules/pty.js',
33 silly rebuild set   '/Users/hugomarcelino/dotfiles/apps/atom/packages/run-command/node_modules/pty.js/node_modules/extend',
33 silly rebuild set   '/Users/hugomarcelino/dotfiles/apps/atom/packages/run-command/node_modules/pty.js/node_modules/nan' ]
34 info build /Users/hugomarcelino/dotfiles/apps/atom/packages/run-command/node_modules/atom-space-pen-views
35 info preinstall atom-space-pen-views@2.1.0
36 info linkStuff atom-space-pen-views@2.1.0
37 silly linkStuff atom-space-pen-views@2.1.0 has /Users/hugomarcelino/dotfiles/apps/atom/packages/run-command/node_modules as its parent node_modules
38 verbose linkBins atom-space-pen-views@2.1.0
39 verbose linkMans atom-space-pen-views@2.1.0
40 verbose rebuildBundles atom-space-pen-views@2.1.0
41 verbose rebuildBundles [ 'fuzzaldrin', 'space-pen' ]
42 info install atom-space-pen-views@2.1.0
43 info postinstall atom-space-pen-views@2.1.0
44 info build /Users/hugomarcelino/dotfiles/apps/atom/packages/run-command/node_modules/atom-space-pen-views/node_modules/fuzzaldrin
45 info preinstall fuzzaldrin@2.1.0
46 info linkStuff fuzzaldrin@2.1.0
47 silly linkStuff fuzzaldrin@2.1.0 has /Users/hugomarcelino/dotfiles/apps/atom/packages/run-command/node_modules/atom-space-pen-views/node_modules as its parent node_modules
48 verbose linkBins fuzzaldrin@2.1.0
49 verbose linkMans fuzzaldrin@2.1.0
50 verbose rebuildBundles fuzzaldrin@2.1.0
51 info install fuzzaldrin@2.1.0
52 info postinstall fuzzaldrin@2.1.0
53 info build /Users/hugomarcelino/dotfiles/apps/atom/packages/run-command/node_modules/atom-space-pen-views/node_modules/space-pen
54 info preinstall space-pen@5.1.1
55 info linkStuff space-pen@5.1.1
56 silly linkStuff space-pen@5.1.1 has /Users/hugomarcelino/dotfiles/apps/atom/packages/run-command/node_modules/atom-space-pen-views/node_modules as its parent node_modules
57 verbose linkBins space-pen@5.1.1
58 verbose linkMans space-pen@5.1.1
59 verbose rebuildBundles space-pen@5.1.1
60 verbose rebuildBundles [ 'grim', 'jquery', 'underscore-plus' ]
61 info install space-pen@5.1.1
62 info postinstall space-pen@5.1.1
63 info build /Users/hugomarcelino/dotfiles/apps/atom/packages/run-command/node_modules/atom-space-pen-views/node_modules/space-pen/node_modules/grim
64 info preinstall grim@1.4.1
65 info linkStuff grim@1.4.1
66 silly linkStuff grim@1.4.1 has /Users/hugomarcelino/dotfiles/apps/atom/packages/run-command/node_modules/atom-space-pen-views/node_modules/space-pen/node_modules as its parent node_modules
67 verbose linkBins grim@1.4.1
68 verbose linkMans grim@1.4.1
69 verbose rebuildBundles grim@1.4.1
70 verbose rebuildBundles [ 'coffeestack', 'emissary' ]
71 info install grim@1.4.1
72 info postinstall grim@1.4.1
73 info build /Users/hugomarcelino/dotfiles/apps/atom/packages/run-command/node_modules/atom-space-pen-views/node_modules/space-pen/node_modules/grim/node_modules/coffeestack
74 info preinstall coffeestack@1.1.2
75 info linkStuff coffeestack@1.1.2
76 silly linkStuff coffeestack@1.1.2 has /Users/hugomarcelino/dotfiles/apps/atom/packages/run-command/node_modules/atom-space-pen-views/node_modules/space-pen/node_modules/grim/node_modules as its parent node_modules
77 verbose linkBins coffeestack@1.1.2
78 verbose linkMans coffeestack@1.1.2
79 verbose rebuildBundles coffeestack@1.1.2
80 verbose rebuildBundles [ '.bin', 'coffee-script', 'fs-plus', 'source-map' ]
81 info install coffeestack@1.1.2
82 info postinstall coffeestack@1.1.2
83 info build /Users/hugomarcelino/dotfiles/apps/atom/packages/run-command/node_modules/atom-space-pen-views/node_modules/space-pen/node_modules/grim/node_modules/coffeestack/node_modules/coffee-script
84 info preinstall coffee-script@1.8.0
85 info linkStuff coffee-script@1.8.0
86 silly linkStuff coffee-script@1.8.0 has /Users/hugomarcelino/dotfiles/apps/atom/packages/run-command/node_modules/atom-space-pen-views/node_modules/space-pen/node_modules/grim/node_modules/coffeestack/node_modules as its parent node_modules
87 verbose linkBins coffee-script@1.8.0
88 verbose link bins [ { coffee: './bin/coffee', cake: './bin/cake' },
88 verbose link bins   '/Users/hugomarcelino/dotfiles/apps/atom/packages/run-command/node_modules/atom-space-pen-views/node_modules/space-pen/node_modules/grim/node_modules/coffeestack/node_modules/.bin',
88 verbose link bins   false ]
89 verbose linkMans coffee-script@1.8.0
90 verbose rebuildBundles coffee-script@1.8.0
91 verbose rebuildBundles [ 'mkdirp' ]
92 silly gentlyRm /Users/hugomarcelino/dotfiles/apps/atom/packages/run-command/node_modules/atom-space-pen-views/node_modules/space-pen/node_modules/grim/node_modules/coffeestack/node_modules/.bin/cake is being purged
93 verbose gentlyRm don't care about contents; nuking /Users/hugomarcelino/dotfiles/apps/atom/packages/run-command/node_modules/atom-space-pen-views/node_modules/space-pen/node_modules/grim/node_modules/coffeestack/node_modules/.bin/cake
94 silly gentlyRm /Users/hugomarcelino/dotfiles/apps/atom/packages/run-command/node_modules/atom-space-pen-views/node_modules/space-pen/node_modules/grim/node_modules/coffeestack/node_modules/.bin/coffee is being purged
95 verbose gentlyRm don't care about contents; nuking /Users/hugomarcelino/dotfiles/apps/atom/packages/run-command/node_modules/atom-space-pen-views/node_modules/space-pen/node_modules/grim/node_modules/coffeestack/node_modules/.bin/coffee
96 silly vacuum-fs purging /Users/hugomarcelino/dotfiles/apps/atom/packages/run-command/node_modules/atom-space-pen-views/node_modules/space-pen/node_modules/grim/node_modules/coffeestack/node_modules/.bin/cake
97 silly vacuum-fs purging /Users/hugomarcelino/dotfiles/apps/atom/packages/run-command/node_modules/atom-space-pen-views/node_modules/space-pen/node_modules/grim/node_modules/coffeestack/node_modules/.bin/coffee
98 silly vacuum-fs removing /Users/hugomarcelino/dotfiles/apps/atom/packages/run-command/node_modules/atom-space-pen-views/node_modules/space-pen/node_modules/grim/node_modules/coffeestack/node_modules/.bin
99 silly vacuum-fs removing /Users/hugomarcelino/dotfiles/apps/atom/packages/run-command/node_modules/atom-space-pen-views/node_modules/space-pen/node_modules/grim/node_modules/coffeestack/node_modules/.bin
100 silly vacuum-fs quitting because lost the race to remove /Users/hugomarcelino/dotfiles/apps/atom/packages/run-command/node_modules/atom-space-pen-views/node_modules/space-pen/node_modules/grim/node_modules/coffeestack/node_modules/.bin
101 silly vacuum-fs quitting because other entries in /Users/hugomarcelino/dotfiles/apps/atom/packages/run-command/node_modules/atom-space-pen-views/node_modules/space-pen/node_modules/grim/node_modules/coffeestack/node_modules
102 info install coffee-script@1.8.0
103 info postinstall coffee-script@1.8.0
104 info build /Users/hugomarcelino/dotfiles/apps/atom/packages/run-command/node_modules/atom-space-pen-views/node_modules/space-pen/node_modules/grim/node_modules/coffeestack/node_modules/coffee-script/node_modules/mkdirp
105 info preinstall mkdirp@0.3.5
106 info linkStuff mkdirp@0.3.5
107 silly linkStuff mkdirp@0.3.5 has /Users/hugomarcelino/dotfiles/apps/atom/packages/run-command/node_modules/atom-space-pen-views/node_modules/space-pen/node_modules/grim/node_modules/coffeestack/node_modules/coffee-script/node_modules as its parent node_modules
108 verbose linkBins mkdirp@0.3.5
109 verbose linkMans mkdirp@0.3.5
110 verbose rebuildBundles mkdirp@0.3.5
111 info install mkdirp@0.3.5
112 info postinstall mkdirp@0.3.5
113 info build /Users/hugomarcelino/dotfiles/apps/atom/packages/run-command/node_modules/atom-space-pen-views/node_modules/space-pen/node_modules/grim/node_modules/coffeestack/node_modules/fs-plus
114 info preinstall fs-plus@2.8.1
115 info linkStuff fs-plus@2.8.1
116 silly linkStuff fs-plus@2.8.1 has /Users/hugomarcelino/dotfiles/apps/atom/packages/run-command/node_modules/atom-space-pen-views/node_modules/space-pen/node_modules/grim/node_modules/coffeestack/node_modules as its parent node_modules
117 verbose linkBins fs-plus@2.8.1
118 verbose linkMans fs-plus@2.8.1
119 verbose rebuildBundles fs-plus@2.8.1
120 verbose rebuildBundles [ '.bin', 'async', 'mkdirp', 'rimraf' ]
121 info install fs-plus@2.8.1
122 info postinstall fs-plus@2.8.1
123 info build /Users/hugomarcelino/dotfiles/apps/atom/packages/run-command/node_modules/atom-space-pen-views/node_modules/space-pen/node_modules/underscore-plus
124 info preinstall underscore-plus@1.6.6
125 info linkStuff underscore-plus@1.6.6
126 silly linkStuff underscore-plus@1.6.6 has /Users/hugomarcelino/dotfiles/apps/atom/packages/run-command/node_modules/atom-space-pen-views/node_modules/space-pen/node_modules as its parent node_modules
127 verbose linkBins underscore-plus@1.6.6
128 verbose linkMans underscore-plus@1.6.6
129 verbose rebuildBundles underscore-plus@1.6.6
130 verbose rebuildBundles [ 'underscore' ]
131 info install underscore-plus@1.6.6
132 info postinstall underscore-plus@1.6.6
133 info build /Users/hugomarcelino/dotfiles/apps/atom/packages/run-command/node_modules/atom-space-pen-views/node_modules/space-pen/node_modules/underscore-plus/node_modules/underscore
134 info preinstall underscore@1.6.0
135 info linkStuff underscore@1.6.0
136 silly linkStuff underscore@1.6.0 has /Users/hugomarcelino/dotfiles/apps/atom/packages/run-command/node_modules/atom-space-pen-views/node_modules/space-pen/node_modules/underscore-plus/node_modules as its parent node_modules
137 verbose linkBins underscore@1.6.0
138 verbose linkMans underscore@1.6.0
139 verbose rebuildBundles underscore@1.6.0
140 info install underscore@1.6.0
141 info postinstall underscore@1.6.0
142 info build /Users/hugomarcelino/dotfiles/apps/atom/packages/run-command/node_modules/atom-space-pen-views/node_modules/space-pen/node_modules/grim/node_modules/coffeestack/node_modules/fs-plus/node_modules/mkdirp
143 info preinstall mkdirp@0.3.5
144 info linkStuff mkdirp@0.3.5
145 silly linkStuff mkdirp@0.3.5 has /Users/hugomarcelino/dotfiles/apps/atom/packages/run-command/node_modules/atom-space-pen-views/node_modules/space-pen/node_modules/grim/node_modules/coffeestack/node_modules/fs-plus/node_modules as its parent node_modules
146 verbose linkBins mkdirp@0.3.5
147 verbose linkMans mkdirp@0.3.5
148 verbose rebuildBundles mkdirp@0.3.5
149 info install mkdirp@0.3.5
150 info postinstall mkdirp@0.3.5
151 info build /Users/hugomarcelino/dotfiles/apps/atom/packages/run-command/node_modules/atom-space-pen-views/node_modules/space-pen/node_modules/grim/node_modules/coffeestack/node_modules/fs-plus/node_modules/rimraf
152 info preinstall rimraf@2.2.8
153 info linkStuff rimraf@2.2.8
154 silly linkStuff rimraf@2.2.8 has /Users/hugomarcelino/dotfiles/apps/atom/packages/run-command/node_modules/atom-space-pen-views/node_modules/space-pen/node_modules/grim/node_modules/coffeestack/node_modules/fs-plus/node_modules as its parent node_modules
155 verbose linkBins rimraf@2.2.8
156 verbose link bins [ { rimraf: './bin.js' },
156 verbose link bins   '/Users/hugomarcelino/dotfiles/apps/atom/packages/run-command/node_modules/atom-space-pen-views/node_modules/space-pen/node_modules/grim/node_modules/coffeestack/node_modules/fs-plus/node_modules/.bin',
156 verbose link bins   false ]
157 verbose linkMans rimraf@2.2.8
158 verbose rebuildBundles rimraf@2.2.8
159 silly gentlyRm /Users/hugomarcelino/dotfiles/apps/atom/packages/run-command/node_modules/atom-space-pen-views/node_modules/space-pen/node_modules/grim/node_modules/coffeestack/node_modules/fs-plus/node_modules/.bin/rimraf is being purged
160 verbose gentlyRm don't care about contents; nuking /Users/hugomarcelino/dotfiles/apps/atom/packages/run-command/node_modules/atom-space-pen-views/node_modules/space-pen/node_modules/grim/node_modules/coffeestack/node_modules/fs-plus/node_modules/.bin/rimraf
161 silly vacuum-fs purging /Users/hugomarcelino/dotfiles/apps/atom/packages/run-command/node_modules/atom-space-pen-views/node_modules/space-pen/node_modules/grim/node_modules/coffeestack/node_modules/fs-plus/node_modules/.bin/rimraf
162 silly vacuum-fs removing /Users/hugomarcelino/dotfiles/apps/atom/packages/run-command/node_modules/atom-space-pen-views/node_modules/space-pen/node_modules/grim/node_modules/coffeestack/node_modules/fs-plus/node_modules/.bin
163 silly vacuum-fs quitting because other entries in /Users/hugomarcelino/dotfiles/apps/atom/packages/run-command/node_modules/atom-space-pen-views/node_modules/space-pen/node_modules/grim/node_modules/coffeestack/node_modules/fs-plus/node_modules
164 info install rimraf@2.2.8
165 info postinstall rimraf@2.2.8
166 info build /Users/hugomarcelino/dotfiles/apps/atom/packages/run-command/node_modules/atom-space-pen-views/node_modules/space-pen/node_modules/grim/node_modules/coffeestack/node_modules/fs-plus/node_modules/async
167 info preinstall async@0.2.10
168 info linkStuff async@0.2.10
169 silly linkStuff async@0.2.10 has /Users/hugomarcelino/dotfiles/apps/atom/packages/run-command/node_modules/atom-space-pen-views/node_modules/space-pen/node_modules/grim/node_modules/coffeestack/node_modules/fs-plus/node_modules as its parent node_modules
170 verbose linkBins async@0.2.10
171 verbose linkMans async@0.2.10
172 verbose rebuildBundles async@0.2.10
173 info install async@0.2.10
174 info postinstall async@0.2.10
175 info build /Users/hugomarcelino/dotfiles/apps/atom/packages/run-command/node_modules/atom-space-pen-views/node_modules/space-pen/node_modules/grim/node_modules/coffeestack/node_modules/source-map
176 info preinstall source-map@0.1.43
177 info linkStuff source-map@0.1.43
178 silly linkStuff source-map@0.1.43 has /Users/hugomarcelino/dotfiles/apps/atom/packages/run-command/node_modules/atom-space-pen-views/node_modules/space-pen/node_modules/grim/node_modules/coffeestack/node_modules as its parent node_modules
179 verbose linkBins source-map@0.1.43
180 verbose linkMans source-map@0.1.43
181 verbose rebuildBundles source-map@0.1.43
182 verbose rebuildBundles [ 'amdefine' ]
183 info install source-map@0.1.43
184 info postinstall source-map@0.1.43
185 info build /Users/hugomarcelino/dotfiles/apps/atom/packages/run-command/node_modules/atom-space-pen-views/node_modules/space-pen/node_modules/grim/node_modules/coffeestack/node_modules/source-map/node_modules/amdefine
186 info preinstall amdefine@1.0.0
187 info linkStuff amdefine@1.0.0
188 silly linkStuff amdefine@1.0.0 has /Users/hugomarcelino/dotfiles/apps/atom/packages/run-command/node_modules/atom-space-pen-views/node_modules/space-pen/node_modules/grim/node_modules/coffeestack/node_modules/source-map/node_modules as its parent node_modules
189 verbose linkBins amdefine@1.0.0
190 verbose linkMans amdefine@1.0.0
191 verbose rebuildBundles amdefine@1.0.0
192 info install amdefine@1.0.0
193 info postinstall amdefine@1.0.0
194 info build /Users/hugomarcelino/dotfiles/apps/atom/packages/run-command/node_modules/atom-space-pen-views/node_modules/space-pen/node_modules/grim/node_modules/emissary
195 info preinstall emissary@1.3.3
196 info linkStuff emissary@1.3.3
197 silly linkStuff emissary@1.3.3 has /Users/hugomarcelino/dotfiles/apps/atom/packages/run-command/node_modules/atom-space-pen-views/node_modules/space-pen/node_modules/grim/node_modules as its parent node_modules
198 verbose linkBins emissary@1.3.3
199 verbose linkMans emissary@1.3.3
200 verbose rebuildBundles emissary@1.3.3
201 verbose rebuildBundles [ 'es6-weak-map', 'mixto', 'property-accessors' ]
202 info install emissary@1.3.3
203 info postinstall emissary@1.3.3
204 info build /Users/hugomarcelino/dotfiles/apps/atom/packages/run-command/node_modules/atom-space-pen-views/node_modules/space-pen/node_modules/grim/node_modules/emissary/node_modules/mixto
205 info preinstall mixto@1.0.0
206 info linkStuff mixto@1.0.0
207 silly linkStuff mixto@1.0.0 has /Users/hugomarcelino/dotfiles/apps/atom/packages/run-command/node_modules/atom-space-pen-views/node_modules/space-pen/node_modules/grim/node_modules/emissary/node_modules as its parent node_modules
208 verbose linkBins mixto@1.0.0
209 verbose linkMans mixto@1.0.0
210 verbose rebuildBundles mixto@1.0.0
211 info install mixto@1.0.0
212 info postinstall mixto@1.0.0
213 info build /Users/hugomarcelino/dotfiles/apps/atom/packages/run-command/node_modules/atom-space-pen-views/node_modules/space-pen/node_modules/grim/node_modules/emissary/node_modules/property-accessors
214 info preinstall property-accessors@1.1.3
215 info linkStuff property-accessors@1.1.3
216 silly linkStuff property-accessors@1.1.3 has /Users/hugomarcelino/dotfiles/apps/atom/packages/run-command/node_modules/atom-space-pen-views/node_modules/space-pen/node_modules/grim/node_modules/emissary/node_modules as its parent node_modules
217 verbose linkBins property-accessors@1.1.3
218 verbose linkMans property-accessors@1.1.3
219 verbose rebuildBundles property-accessors@1.1.3
220 info install property-accessors@1.1.3
221 info postinstall property-accessors@1.1.3
222 info build /Users/hugomarcelino/dotfiles/apps/atom/packages/run-command/node_modules/atom-space-pen-views/node_modules/space-pen/node_modules/grim/node_modules/emissary/node_modules/es6-weak-map
223 info preinstall es6-weak-map@0.1.4
224 info linkStuff es6-weak-map@0.1.4
225 silly linkStuff es6-weak-map@0.1.4 has /Users/hugomarcelino/dotfiles/apps/atom/packages/run-command/node_modules/atom-space-pen-views/node_modules/space-pen/node_modules/grim/node_modules/emissary/node_modules as its parent node_modules
226 verbose linkBins es6-weak-map@0.1.4
227 verbose linkMans es6-weak-map@0.1.4
228 verbose rebuildBundles es6-weak-map@0.1.4
229 verbose rebuildBundles [ 'd', 'es5-ext', 'es6-iterator', 'es6-symbol' ]
230 info install es6-weak-map@0.1.4
231 info postinstall es6-weak-map@0.1.4
232 info build /Users/hugomarcelino/dotfiles/apps/atom/packages/run-command/node_modules/atom-space-pen-views/node_modules/space-pen/node_modules/grim/node_modules/emissary/node_modules/es6-weak-map/node_modules/d
233 info preinstall d@0.1.1
234 info linkStuff d@0.1.1
235 silly linkStuff d@0.1.1 has /Users/hugomarcelino/dotfiles/apps/atom/packages/run-command/node_modules/atom-space-pen-views/node_modules/space-pen/node_modules/grim/node_modules/emissary/node_modules/es6-weak-map/node_modules as its parent node_modules
236 verbose linkBins d@0.1.1
237 verbose linkMans d@0.1.1
238 verbose rebuildBundles d@0.1.1
239 info install d@0.1.1
240 info postinstall d@0.1.1
241 info build /Users/hugomarcelino/dotfiles/apps/atom/packages/run-command/node_modules/atom-space-pen-views/node_modules/space-pen/node_modules/grim/node_modules/emissary/node_modules/es6-weak-map/node_modules/es5-ext
242 info preinstall es5-ext@0.10.7
243 info linkStuff es5-ext@0.10.7
244 silly linkStuff es5-ext@0.10.7 has /Users/hugomarcelino/dotfiles/apps/atom/packages/run-command/node_modules/atom-space-pen-views/node_modules/space-pen/node_modules/grim/node_modules/emissary/node_modules/es6-weak-map/node_modules as its parent node_modules
245 verbose linkBins es5-ext@0.10.7
246 verbose linkMans es5-ext@0.10.7
247 verbose rebuildBundles es5-ext@0.10.7
248 info install es5-ext@0.10.7
249 info postinstall es5-ext@0.10.7
250 info build /Users/hugomarcelino/dotfiles/apps/atom/packages/run-command/node_modules/atom-space-pen-views/node_modules/space-pen/node_modules/grim/node_modules/emissary/node_modules/es6-weak-map/node_modules/es6-iterator
251 info preinstall es6-iterator@0.1.3
252 info linkStuff es6-iterator@0.1.3
253 silly linkStuff es6-iterator@0.1.3 has /Users/hugomarcelino/dotfiles/apps/atom/packages/run-command/node_modules/atom-space-pen-views/node_modules/space-pen/node_modules/grim/node_modules/emissary/node_modules/es6-weak-map/node_modules as its parent node_modules
254 verbose linkBins es6-iterator@0.1.3
255 verbose linkMans es6-iterator@0.1.3
256 verbose rebuildBundles es6-iterator@0.1.3
257 info install es6-iterator@0.1.3
258 info postinstall es6-iterator@0.1.3
259 info build /Users/hugomarcelino/dotfiles/apps/atom/packages/run-command/node_modules/atom-space-pen-views/node_modules/space-pen/node_modules/grim/node_modules/emissary/node_modules/es6-weak-map/node_modules/es6-symbol
260 info preinstall es6-symbol@2.0.1
261 info linkStuff es6-symbol@2.0.1
262 silly linkStuff es6-symbol@2.0.1 has /Users/hugomarcelino/dotfiles/apps/atom/packages/run-command/node_modules/atom-space-pen-views/node_modules/space-pen/node_modules/grim/node_modules/emissary/node_modules/es6-weak-map/node_modules as its parent node_modules
263 verbose linkBins es6-symbol@2.0.1
264 verbose linkMans es6-symbol@2.0.1
265 verbose rebuildBundles es6-symbol@2.0.1
266 info install es6-symbol@2.0.1
267 info postinstall es6-symbol@2.0.1
268 info build /Users/hugomarcelino/dotfiles/apps/atom/packages/run-command/node_modules/atom-space-pen-views/node_modules/space-pen/node_modules/jquery
269 info preinstall jquery@2.1.4
270 info linkStuff jquery@2.1.4
271 silly linkStuff jquery@2.1.4 has /Users/hugomarcelino/dotfiles/apps/atom/packages/run-command/node_modules/atom-space-pen-views/node_modules/space-pen/node_modules as its parent node_modules
272 verbose linkBins jquery@2.1.4
273 verbose linkMans jquery@2.1.4
274 verbose rebuildBundles jquery@2.1.4
275 info install jquery@2.1.4
276 info postinstall jquery@2.1.4
277 info build /Users/hugomarcelino/dotfiles/apps/atom/packages/run-command/node_modules/pty.js
278 info preinstall pty.js@0.2.13
279 info linkStuff pty.js@0.2.13
280 silly linkStuff pty.js@0.2.13 has /Users/hugomarcelino/dotfiles/apps/atom/packages/run-command/node_modules as its parent node_modules
281 verbose linkBins pty.js@0.2.13
282 verbose linkMans pty.js@0.2.13
283 verbose rebuildBundles pty.js@0.2.13
284 verbose rebuildBundles [ 'extend', 'nan' ]
285 info install pty.js@0.2.13
286 verbose unsafe-perm in lifecycle true
287 info pty.js@0.2.13 Failed to exec install script
288 verbose stack Error: pty.js@0.2.13 install: `node-gyp rebuild`
288 verbose stack Exit status 1
288 verbose stack     at EventEmitter.<anonymous> (/opt/homebrew-cask/Caskroom/atom/latest/Atom.app/Contents/Resources/app/apm/node_modules/npm/lib/utils/lifecycle.js:214:16)
288 verbose stack     at EventEmitter.emit (events.js:98:17)
288 verbose stack     at ChildProcess.<anonymous> (/opt/homebrew-cask/Caskroom/atom/latest/Atom.app/Contents/Resources/app/apm/node_modules/npm/lib/utils/spawn.js:24:14)
288 verbose stack     at ChildProcess.emit (events.js:98:17)
288 verbose stack     at maybeClose (child_process.js:766:16)
288 verbose stack     at Process.ChildProcess._handle.onexit (child_process.js:833:5)
289 verbose pkgid pty.js@0.2.13
290 verbose cwd /Users/hugomarcelino/dotfiles/apps/atom/packages/run-command
291 error Darwin 15.0.0
292 error argv "/opt/homebrew-cask/Caskroom/atom/latest/Atom.app/Contents/Resources/app/apm/bin/node" "/opt/homebrew-cask/Caskroom/atom/latest/Atom.app/Contents/Resources/app/apm/node_modules/npm/bin/npm-cli.js" "--globalconfig" "/Users/hugomarcelino/dotfiles/apps/atom/.apm/.apmrc" "--userconfig" "/Users/hugomarcelino/dotfiles/apps/atom/.apmrc" "rebuild" "--target=0.34.0" "--arch=x64"
293 error node v0.10.40
294 error npm  v2.13.3
295 error code ELIFECYCLE
296 error pty.js@0.2.13 install: `node-gyp rebuild`
296 error Exit status 1
297 error Failed at the pty.js@0.2.13 install script 'node-gyp rebuild'.
297 error This is most likely a problem with the pty.js package,
297 error not with npm itself.
297 error Tell the author that this fails on your system:
297 error     node-gyp rebuild
297 error You can get their info via:
297 error     npm owner ls pty.js
297 error There is likely additional logging output above.
298 verbose exit [ 1, true ]
